[    0.000000] Linux version 4.15.0-96-generic (buildd@lgw01-amd64-004) (gcc version 7.5.0 (Ubuntu 7.5.0-3ubuntu1~18.04)) #97-Ubuntu SMP Wed Apr 1 03:25:46 UTC 2020 (Ubuntu 4.15.0-96.97-generic 4.15.18)
[    0.000000] Command line: BOOT_IMAGE=/boot/vmlinuz-4.15.0-96-generic root=LABEL=cloudimg-rootfs ro console=tty1 console=ttyS0
[    0.000000] KERNEL supported cpus:
[    0.000000]   Intel GenuineIntel
[    0.000000]   AMD AuthenticAMD
[    0.000000]   Centaur CentaurHauls
[    0.000000] x86/fpu: Supporting XSAVE feature 0x001: 'x87 floating point registers'
[    0.000000] x86/fpu: Supporting XSAVE feature 0x002: 'SSE registers'
[    0.000000] x86/fpu: Supporting XSAVE feature 0x004: 'AVX registers'
[    0.000000] x86/fpu: xstate_offset[2]:  576, xstate_sizes[2]:  256
[    0.000000] x86/fpu: Enabled xstate features 0x7, context size is 832 bytes, using 'standard' format.
[    0.000000] e820: BIOS-provided physical RAM map:
[    0.000000] BIOS-e820: [mem 0x0000000000000000-0x000000000009fbff] usable
[    0.000000] BIOS-e820: [mem 0x000000000009fc00-0x000000000009ffff] reserved
[    0.000000] BIOS-e820: [mem 0x00000000000f0000-0x00000000000fffff] reserved
[    0.000000] BIOS-e820: [mem 0x0000000000100000-0x000000003ffeffff] usable
[    0.000000] BIOS-e820: [mem 0x000000003fff0000-0x000000003fffffff] ACPI data
[    0.000000] BIOS-e820: [mem 0x00000000fec00000-0x00000000fec00fff] reserved
[    0.000000] BIOS-e820: [mem 0x00000000fee00000-0x00000000fee00fff] reserved
[    0.000000] BIOS-e820: [mem 0x00000000fffc0000-0x00000000ffffffff] reserved
[    0.000000] NX (Execute Disable) protection: active
[    0.000000] SMBIOS 2.5 present.
[    0.000000] DMI: innotek GmbH VirtualBox/VirtualBox, BIOS VirtualBox 12/01/2006
[    0.000000] Hypervisor detected: KVM
[    0.000000] e820: last_pfn = 0x3fff0 max_arch_pfn = 0x400000000
[    0.000000] MTRR: Disabled
[    0.000000] x86/PAT: MTRRs disabled, skipping PAT initialization too.
[    0.000000] CPU MTRRs all blank - virtualized system.
[    0.000000] x86/PAT: Configuration [0-7]: WB  WT  UC- UC  WB  WT  UC- UC  
[    0.000000] found SMP MP-table at [mem 0x0009fff0-0x0009ffff]
[    0.000000] Scanning 1 areas for low memory corruption
[    0.000000] RAMDISK: [mem 0x35a6d000-0x36d2dfff]
[    0.000000] ACPI: Early table checksum verification disabled
[    0.000000] ACPI: RSDP 0x00000000000E0000 000024 (v02 VBOX  )
[    0.000000] ACPI: XSDT 0x000000003FFF0030 00003C (v01 VBOX   VBOXXSDT 00000001 ASL  00000061)
[    0.000000] ACPI: FACP 0x000000003FFF00F0 0000F4 (v04 VBOX   VBOXFACP 00000001 ASL  00000061)
[    0.000000] ACPI: DSDT 0x000000003FFF0470 002325 (v02 VBOX   VBOXBIOS 00000002 INTL 20100528)
[    0.000000] ACPI: FACS 0x000000003FFF0200 000040
[    0.000000] ACPI: FACS 0x000000003FFF0200 000040
[    0.000000] ACPI: APIC 0x000000003FFF0240 00005C (v02 VBOX   VBOXAPIC 00000001 ASL  00000061)
[    0.000000] ACPI: SSDT 0x000000003FFF02A0 0001CC (v01 VBOX   VBOXCPUT 00000002 INTL 20100528)
[    0.000000] No NUMA configuration found
[    0.000000] Faking a node at [mem 0x0000000000000000-0x000000003ffeffff]
[    0.000000] NODE_DATA(0) allocated [mem 0x3ffc5000-0x3ffeffff]
[    0.000000] kvm-clock: cpu 0, msr 0:3ff44001, primary cpu clock
[    0.000000] kvm-clock: Using msrs 4b564d01 and 4b564d00
[    0.000000] kvm-clock: using sched offset of 3474176902 cycles
[    0.000000] clocksource: kvm-clock: mask: 0xffffffffffffffff max_cycles: 0x1cd42e4dffb, max_idle_ns: 881590591483 ns
[    0.000000] Zone ranges:
[    0.000000]   DMA      [mem 0x0000000000001000-0x0000000000ffffff]
[    0.000000]   DMA32    [mem 0x0000000001000000-0x000000003ffeffff]
[    0.000000]   Normal   empty
[    0.000000]   Device   empty
[    0.000000] Movable zone start for each node
[    0.000000] Early memory node ranges
[    0.000000]   node   0: [mem 0x0000000000001000-0x000000000009efff]
[    0.000000]   node   0: [mem 0x0000000000100000-0x000000003ffeffff]
[    0.000000] Reserved but unavailable: 98 pages
[    0.000000] Initmem setup node 0 [mem 0x0000000000001000-0x000000003ffeffff]
[    0.000000] ACPI: PM-Timer IO Port: 0x4008
[    0.000000] IOAPIC[0]: apic_id 2, version 32, address 0xfec00000, GSI 0-23
[    0.000000] ACPI: INT_SRC_OVR (bus 0 bus_irq 0 global_irq 2 dfl dfl)
[    0.000000] ACPI: INT_SRC_OVR (bus 0 bus_irq 9 global_irq 9 low level)
[    0.000000] Using ACPI (MADT) for SMP configuration information
[    0.000000] smpboot: Allowing 2 CPUs, 0 hotplug CPUs
[    0.000000] PM: Registered nosave memory: [mem 0x00000000-0x00000fff]
[    0.000000] PM: Registered nosave memory: [mem 0x0009f000-0x0009ffff]
[    0.000000] PM: Registered nosave memory: [mem 0x000a0000-0x000effff]
[    0.000000] PM: Registered nosave memory: [mem 0x000f0000-0x000fffff]
[    0.000000] e820: [mem 0x40000000-0xfebfffff] available for PCI devices
[    0.000000] Booting paravirtualized kernel on KVM
[    0.000000] clocksource: refined-jiffies: mask: 0xffffffff max_cycles: 0xffffffff, max_idle_ns: 7645519600211568 ns
[    0.000000] random: get_random_bytes called from start_kernel+0x99/0x4fd with crng_init=0
[    0.000000] setup_percpu: NR_CPUS:8192 nr_cpumask_bits:2 nr_cpu_ids:2 nr_node_ids:1
[    0.000000] percpu: Embedded 45 pages/cpu s147456 r8192 d28672 u1048576
[    0.000000] PV qspinlock hash table entries: 256 (order: 0, 4096 bytes)
[    0.000000] Built 1 zonelists, mobility grouping on.  Total pages: 257913
[    0.000000] Policy zone: DMA32
[    0.000000] Kernel command line: BOOT_IMAGE=/boot/vmlinuz-4.15.0-96-generic root=LABEL=cloudimg-rootfs ro console=tty1 console=ttyS0
[    0.000000] Memory: 983064K/1048120K available (12300K kernel code, 2481K rwdata, 4264K rodata, 2432K init, 2712K bss, 65056K reserved, 0K cma-reserved)
[    0.000000] SLUB: HWalign=64, Order=0-3, MinObjects=0, CPUs=2, Nodes=1
[    0.000000] ftrace: allocating 39351 entries in 154 pages
[    0.004000] Hierarchical RCU implementation.
[    0.004000] 	RCU restricting CPUs from NR_CPUS=8192 to nr_cpu_ids=2.
[    0.004000] 	Tasks RCU enabled.
[    0.004000] RCU: Adjusting geometry for rcu_fanout_leaf=16, nr_cpu_ids=2
[    0.004000] NR_IRQS: 524544, nr_irqs: 440, preallocated irqs: 16
[    0.004000] Console: colour VGA+ 80x25
[    0.004000] console [tty1] enabled
[    0.004000] console [ttyS0] enabled
[    0.004000] ACPI: Core revision 20170831
[    0.004000] ACPI: 2 ACPI AML tables successfully acquired and loaded
[    0.004000] APIC: Switch to symmetric I/O mode setup
[    0.004000] x2apic enabled
[    0.004000] Switched APIC routing to physical x2apic.
[    0.004000] ..TIMER: vector=0x30 apic1=0 pin1=2 apic2=-1 pin2=-1
[    0.004000] tsc: Detected 3599.994 MHz processor
[    0.004005] Calibrating delay loop (skipped) preset value.. 7199.98 BogoMIPS (lpj=14399976)
[    0.005092] pid_max: default: 32768 minimum: 301
[    0.005726] Security Framework initialized
[    0.006289] Yama: becoming mindful.
[    0.006785] AppArmor: AppArmor initialized
[    0.008000] Dentry cache hash table entries: 131072 (order: 8, 1048576 bytes)
[    0.008044] Inode-cache hash table entries: 65536 (order: 7, 524288 bytes)
[    0.012012] Mount-cache hash table entries: 2048 (order: 2, 16384 bytes)
[    0.016004] Mountpoint-cache hash table entries: 2048 (order: 2, 16384 bytes)
[    0.017101] Last level iTLB entries: 4KB 128, 2MB 8, 4MB 8
[    0.017848] Last level dTLB entries: 4KB 64, 2MB 0, 4MB 0, 1GB 4
[    0.018624] Spectre V1 : Mitigation: usercopy/swapgs barriers and __user pointer sanitization
[    0.020001] Spectre V2 : Mitigation: Full generic retpoline
[    0.020722] Spectre V2 : Spectre v2 / SpectreRSB mitigation: Filling RSB on context switch
[    0.021805] Speculative Store Bypass: Vulnerable
[    0.022448] MDS: Mitigation: Clear CPU buffers
[    0.023191] Freeing SMP alternatives memory: 36K
[    0.133103] smpboot: CPU0: Intel(R) Core(TM) i7-9700K CPU @ 3.60GHz (family: 0x6, model: 0x9e, stepping: 0xc)
[    0.134538] Performance Events: unsupported p6 CPU model 158 no PMU driver, software events only.
[    0.135834] Hierarchical SRCU implementation.
[    0.136000] NMI watchdog: Perf event create on CPU 0 failed with -2
[    0.136001] NMI watchdog: Perf NMI watchdog permanently disabled
[    0.136799] smp: Bringing up secondary CPUs ...
[    0.137544] x86: Booting SMP configuration:
[    0.138143] .... node  #0, CPUs:      #1
[    0.004000] kvm-clock: cpu 1, msr 0:3ff44041, secondary cpu clock
[    0.142279] smp: Brought up 1 node, 2 CPUs
[    0.142279] smpboot: Max logical packages: 1
[    0.142279] smpboot: Total of 2 processors activated (14399.97 BogoMIPS)
[    0.144072] devtmpfs: initialized
[    0.144540] x86/mm: Memory block size: 128MB
[    0.145256] evm: security.selinux
[    0.145803] evm: security.SMACK64
[    0.146373] evm: security.SMACK64EXEC
[    0.146912] evm: security.SMACK64TRANSMUTE
[    0.148002] evm: security.SMACK64MMAP
[    0.148540] evm: security.apparmor
[    0.149050] evm: security.ima
[    0.149562] evm: security.capability
[    0.150266] clocksource: jiffies: mask: 0xffffffff max_cycles: 0xffffffff, max_idle_ns: 7645041785100000 ns
[    0.150266] futex hash table entries: 512 (order: 3, 32768 bytes)
[    0.153271] pinctrl core: initialized pinctrl subsystem
[    0.154082] RTC time: 20:34:42, date: 04/28/20
[    0.154957] NET: Registered protocol family 16
[    0.156061] audit: initializing netlink subsys (disabled)
[    0.156829] audit: type=2000 audit(1588106087.943:1): state=initialized audit_enabled=0 res=1
[    0.157164] cpuidle: using governor ladder
[    0.157164] cpuidle: using governor menu
[    0.157241] ACPI: bus type PCI registered
[    0.160002] acpiphp: ACPI Hot Plug PCI Controller Driver version: 0.5
[    0.160929] PCI: Using configuration type 1 for base access
[    0.161716] HugeTLB registered 2.00 MiB page size, pre-allocated 0 pages
[    0.164054] ACPI: Added _OSI(Module Device)
[    0.164669] ACPI: Added _OSI(Processor Device)
[    0.165301] ACPI: Added _OSI(3.0 _SCP Extensions)
[    0.165968] ACPI: Added _OSI(Processor Aggregator Device)
[    0.166713] ACPI: Added _OSI(Linux-Dell-Video)
[    0.168002] ACPI: Added _OSI(Linux-Lenovo-NV-HDMI-Audio)
[    0.168736] ACPI: Added _OSI(Linux-HPI-Hybrid-Graphics)
[    0.169680] ACPI: Executed 1 blocks of module-level executable AML code
[    0.173725] ACPI: Interpreter enabled
[    0.174293] ACPI: (supports S0 S5)
[    0.174810] ACPI: Using IOAPIC for interrupt routing
[    0.175705] PCI: Using host bridge windows from ACPI; if necessary, use "pci=nocrs" and report a bug
[    0.176128] ACPI: Enabled 2 GPEs in block 00 to 07
[    0.182451] ACPI: PCI Root Bridge [PCI0] (domain 0000 [bus 00-ff])
[    0.184004] acpi PNP0A03:00: _OSC: OS supports [ASPM ClockPM Segments MSI]
[    0.185352] acpi PNP0A03:00: _OSC: not requesting OS control; OS requires [ExtendedConfig ASPM ClockPM MSI]
[    0.186830] acpi PNP0A03:00: fail to add MMCONFIG information, can't access extended PCI configuration space under this bridge.
[    0.188305] PCI host bridge to bus 0000:00
[    0.188935] pci_bus 0000:00: root bus resource [io  0x0000-0x0cf7 window]
[    0.189836] pci_bus 0000:00: root bus resource [io  0x0d00-0xffff window]
[    0.190729] pci_bus 0000:00: root bus resource [mem 0x000a0000-0x000bffff window]
[    0.192002] pci_bus 0000:00: root bus resource [mem 0x40000000-0xfdffffff window]
[    0.193030] pci_bus 0000:00: root bus resource [bus 00-ff]
[    0.195223] pci 0000:00:01.1: legacy IDE quirk: reg 0x10: [io  0x01f0-0x01f7]
[    0.196002] pci 0000:00:01.1: legacy IDE quirk: reg 0x14: [io  0x03f6]
[    0.196926] pci 0000:00:01.1: legacy IDE quirk: reg 0x18: [io  0x0170-0x0177]
[    0.197857] pci 0000:00:01.1: legacy IDE quirk: reg 0x1c: [io  0x0376]
[    0.207639] pci 0000:00:07.0: quirk: [io  0x4000-0x403f] claimed by PIIX4 ACPI
[    0.208012] pci 0000:00:07.0: quirk: [io  0x4100-0x410f] claimed by PIIX4 SMB
[    0.213758] ACPI: PCI Interrupt Link [LNKA] (IRQs 5 9 10 *11)
[    0.214870] ACPI: PCI Interrupt Link [LNKB] (IRQs 5 9 *10 11)
[    0.215806] ACPI: PCI Interrupt Link [LNKC] (IRQs 5 *9 10 11)
[    0.216098] ACPI: PCI Interrupt Link [LNKD] (IRQs 5 9 10 *11)
[    0.217111] SCSI subsystem initialized
[    0.217814] pci 0000:00:02.0: vgaarb: setting as boot VGA device
[    0.217814] pci 0000:00:02.0: vgaarb: VGA device added: decodes=io+mem,owns=io+mem,locks=none
[    0.220012] pci 0000:00:02.0: vgaarb: bridge control possible
[    0.220785] vgaarb: loaded
[    0.221229] ACPI: bus type USB registered
[    0.221888] usbcore: registered new interface driver usbfs
[    0.222675] usbcore: registered new interface driver hub
[    0.223420] usbcore: registered new device driver usb
[    0.224049] EDAC MC: Ver: 3.0.0
[    0.224721] PCI: Using ACPI for IRQ routing
[    0.224824] NetLabel: Initializing
[    0.225336] NetLabel:  domain hash size = 128
[    0.225933] NetLabel:  protocols = UNLABELED CIPSOv4 CALIPSO
[    0.228016] NetLabel:  unlabeled traffic allowed by default
[    0.228795] clocksource: Switched to clocksource kvm-clock
[    0.239093] VFS: Disk quotas dquot_6.6.0
[    0.239771] VFS: Dquot-cache hash table entries: 512 (order 0, 4096 bytes)
[    0.240777] AppArmor: AppArmor Filesystem Enabled
[    0.241458] pnp: PnP ACPI init
[    0.242733] pnp: PnP ACPI: found 3 devices
[    0.251107] clocksource: acpi_pm: mask: 0xffffff max_cycles: 0xffffff, max_idle_ns: 2085701024 ns
[    0.252015] NET: Registered protocol family 2
[    0.253064] TCP established hash table entries: 8192 (order: 4, 65536 bytes)
[    0.254031] TCP bind hash table entries: 8192 (order: 5, 131072 bytes)
[    0.256588] TCP: Hash tables configured (established 8192 bind 8192)
[    0.257563] UDP hash table entries: 512 (order: 2, 16384 bytes)
[    0.258366] UDP-Lite hash table entries: 512 (order: 2, 16384 bytes)
[    0.259237] NET: Registered protocol family 1
[    0.259878] pci 0000:00:00.0: Limiting direct PCI/PCI transfers
[    0.260756] pci 0000:00:01.0: Activating ISA DMA hang workarounds
[    0.261608] pci 0000:00:02.0: Video device with shadowed ROM at [mem 0x000c0000-0x000dffff]
[    0.262810] Unpacking initramfs...
[    0.469433] Freeing initrd memory: 19204K
[    0.470140] clocksource: tsc: mask: 0xffffffffffffffff max_cycles: 0x33e44d1104f, max_idle_ns: 440795213615 ns
[    0.471649] platform rtc_cmos: registered platform RTC device (no PNP device found)
[    0.472844] Scanning for low memory corruption every 60 seconds
[    0.474264] Initialise system trusted keyrings
[    0.474913] Key type blacklist registered
[    0.475600] workingset: timestamp_bits=36 max_order=18 bucket_order=0
[    0.477276] zbud: loaded
[    0.478112] squashfs: version 4.0 (2009/01/31) Phillip Lougher
[    0.479212] fuse init (API version 7.26)
[    0.481899] Key type asymmetric registered
[    0.482469] Asymmetric key parser 'x509' registered
[    0.483136] Block layer SCSI generic (bsg) driver version 0.4 loaded (major 246)
[    0.484193] io scheduler noop registered
[    0.484747] io scheduler deadline registered
[    0.485350] io scheduler cfq registered (default)
[    0.486249] ACPI: AC Adapter [AC] (on-line)
[    0.486901] input: Power Button as /devices/LNXSYSTM:00/LNXPWRBN:00/input/input0
[    0.488034] ACPI: Power Button [PWRF]
[    0.488646] input: Sleep Button as /devices/LNXSYSTM:00/LNXSLPBN:00/input/input1
[    0.489650] ACPI: Sleep Button [SLPF]
[    0.490507] Serial: 8250/16550 driver, 32 ports, IRQ sharing enabled
[    0.511885] 00:02: ttyS0 at I/O 0x3f8 (irq = 4, base_baud = 115200) is a 16550A
[    0.515839] Linux agpgart interface v0.103
[    0.517554] loop: module loaded
[    0.518413] scsi host0: ata_piix
[    0.518989] scsi host1: ata_piix
[    0.519516] ata1: PATA max UDMA/33 cmd 0x1f0 ctl 0x3f6 bmdma 0xd000 irq 14
[    0.520459] ata2: PATA max UDMA/33 cmd 0x170 ctl 0x376 bmdma 0xd008 irq 15
[    0.521548] libphy: Fixed MDIO Bus: probed
[    0.522118] tun: Universal TUN/TAP device driver, 1.6
[    0.522874] PPP generic driver version 2.4.2
[    0.523507] ehci_hcd: USB 2.0 'Enhanced' Host Controller (EHCI) Driver
[    0.524377] ehci-pci: EHCI PCI platform driver
[    0.525030] ehci-platform: EHCI generic platform driver
[    0.525788] ohci_hcd: USB 1.1 'Open' Host Controller (OHCI) Driver
[    0.526632] ohci-pci: OHCI PCI platform driver
[    0.527282] ohci-platform: OHCI generic platform driver
[    0.528018] uhci_hcd: USB Universal Host Controller Interface driver
[    0.528941] i8042: PNP: PS/2 Controller [PNP0303:PS2K,PNP0f03:PS2M] at 0x60,0x64 irq 1,12
[    0.530474] serio: i8042 KBD port at 0x60,0x64 irq 1
[    0.531184] serio: i8042 AUX port at 0x60,0x64 irq 12
[    0.532067] mousedev: PS/2 mouse device common for all mice
[    0.533477] rtc_cmos rtc_cmos: rtc core: registered rtc_cmos as rtc0
[    0.534399] rtc_cmos rtc_cmos: alarms up to one day, 114 bytes nvram
[    0.535287] i2c /dev entries driver
[    0.535836] input: AT Translated Set 2 keyboard as /devices/platform/i8042/serio0/input/input2
[    0.537078] device-mapper: uevent: version 1.0.3
[    0.537894] device-mapper: ioctl: 4.37.0-ioctl (2017-09-20) initialised: dm-devel@redhat.com
[    0.539165] ledtrig-cpu: registered to indicate activity on CPUs
[    0.540692] NET: Registered protocol family 10
[    0.544305] Segment Routing with IPv6
[    0.544865] NET: Registered protocol family 17
[    0.545536] Key type dns_resolver registered
[    0.546268] mce: Using 0 MCE banks
[    0.546764] RAS: Correctable Errors collector initialized.
[    0.547489] sched_clock: Marking stable (546247483, 0)->(680031922, -133784439)
[    0.548857] registered taskstats version 1
[    0.549449] Loading compiled-in X.509 certificates
[    0.551537] Loaded X.509 cert 'Build time autogenerated kernel key: 244b473b43e18b01f00e37a87f2ecd28620f0244'
[    0.552849] zswap: loaded using pool lzo/zbud
[    0.555498] Key type big_key registered
[    0.556036] Key type trusted registered
[    0.557651] Key type encrypted registered
[    0.558247] AppArmor: AppArmor sha1 policy hashing enabled
[    0.559009] ima: No TPM chip found, activating TPM-bypass! (rc=-19)
[    0.559859] ima: Allocated hash algorithm: sha1
[    0.560538] evm: HMAC attrs: 0x1
[    0.561177]   Magic number: 0:245:600
[    0.561822] rtc_cmos rtc_cmos: setting system clock to 2020-04-28 20:34:43 UTC (1588106083)
[    0.563213] BIOS EDD facility v0.16 2004-Jun-25, 0 devices found
[    0.564034] EDD information not available.
[    0.704104] Freeing unused kernel image memory: 2432K
[    0.719511] Write protecting the kernel read-only data: 20480k
[    0.720845] Freeing unused kernel image memory: 2008K
[    0.721736] Freeing unused kernel image memory: 1880K
[    0.727947] x86/mm: Checked W+X mappings: passed, no W+X pages found.
Loading, please wait...
starting version 237
[    0.773671] e1000: Intel(R) PRO/1000 Network Driver - version 7.3.21-k8-NAPI
[    0.774638] e1000: Copyright (c) 1999-2006 Intel Corporation.
[    0.777482] Fusion MPT base driver 3.04.20
[    0.778104] Copyright (c) 1999-2008 LSI Corporation
[    0.791095] Fusion MPT SPI Host driver 3.04.20
[    0.793541] AVX2 version of gcm_enc/dec engaged.
[    0.794196] AES CTR mode by8 optimization enabled
[    0.985142] input: ImExPS/2 Generic Explorer Mouse as /devices/platform/i8042/serio1/input/input4
[    1.147869] e1000 0000:00:03.0 eth0: (PCI:33MHz:32-bit) 02:11:54:e5:40:72
[    1.148865] e1000 0000:00:03.0 eth0: Intel(R) PRO/1000 Network Connection
[    1.150549] mptbase: ioc0: Initiating bringup
[    1.151658] e1000 0000:00:03.0 enp0s3: renamed from eth0
[    1.244757] ioc0: LSI53C1030 A0: Capabilities={Initiator}
[    1.487200] scsi host2: ioc0: LSI53C1030 A0, FwRev=00000000h, Ports=1, MaxQ=256, IRQ=20
[    1.656833] scsi 2:0:0:0: Direct-Access     VBOX     HARDDISK         1.0  PQ: 0 ANSI: 5
[    1.688651] scsi target2:0:0: Beginning Domain Validation
[    1.691678] scsi target2:0:0: Domain Validation skipping write tests
[    1.692522] scsi target2:0:0: Ending Domain Validation
[    1.693253] scsi target2:0:0: asynchronous
[    1.694360] scsi 2:0:1:0: Direct-Access     VBOX     HARDDISK         1.0  PQ: 0 ANSI: 5
[    1.724756] scsi target2:0:1: Beginning Domain Validation
[    1.727665] random: fast init done
[    1.728291] scsi target2:0:1: Domain Validation skipping write tests
[    1.729119] scsi target2:0:1: Ending Domain Validation
[    1.729876] scsi target2:0:1: asynchronous
[    1.732948] random: systemd-udevd: uninitialized urandom read (16 bytes read)
[    1.733875] random: systemd-udevd: uninitialized urandom read (16 bytes read)
[    1.734778] random: systemd-udevd: uninitialized urandom read (16 bytes read)
[    1.735843] sd 2:0:0:0: Attached scsi generic sg0 type 0
[    1.736022] sd 2:0:0:0: [sda] 20971520 512-byte logical blocks: (10.7 GB/10.0 GiB)
[    1.737774] sd 2:0:0:0: [sda] Write Protect is off
[    1.738506] sd 2:0:1:0: Attached scsi generic sg1 type 0
[    1.738788] sd 2:0:0:0: [sda] Incomplete mode parameter data
[    1.740071] sd 2:0:0:0: [sda] Assuming drive cache: write through
[    1.740983] sd 2:0:1:0: [sdb] 20480 512-byte logical blocks: (10.5 MB/10.0 MiB)
[    1.742182] sd 2:0:1:0: [sdb] Write Protect is off
[    1.743130]  sda: sda1
[    1.743161] sd 2:0:1:0: [sdb] Incomplete mode parameter data
[    1.744413] sd 2:0:1:0: [sdb] Assuming drive cache: write through
[    1.746141] sd 2:0:0:0: [sda] Attached SCSI disk
[    1.748297] sd 2:0:1:0: [sdb] Attached SCSI disk
Begin: Loading essential drivers ... [    3.236521] raid6: sse2x1   gen() 15915 MB/s
[    3.284340] raid6: sse2x1   xor() 11726 MB/s
[    3.332235] raid6: sse2x2   gen() 18227 MB/s
[    3.380020] raid6: sse2x2   xor() 13385 MB/s
[    3.428789] raid6: sse2x4   gen() 23105 MB/s
[    3.476612] raid6: sse2x4   xor() 13727 MB/s
[    3.524490] raid6: avx2x1   gen() 32160 MB/s
[    3.572265] raid6: avx2x1   xor() 22872 MB/s
[    3.620021] raid6: avx2x2   gen() 39152 MB/s
[    3.668011] raid6: avx2x2   xor() 24733 MB/s
[    3.716765] raid6: avx2x4   gen() 44303 MB/s
[    3.764529] raid6: avx2x4   xor() 27308 MB/s
[    3.765182] raid6: using algorithm avx2x4 gen() 44303 MB/s
[    3.766021] raid6: .... xor() 27308 MB/s, rmw enabled
[    3.766725] raid6: using avx2x2 recovery algorithm
[    3.768314] xor: automatically using best checksumming function   avx       
[    3.770107] async_tx: api initialized (async)
done.
Begin: Running /scripts/init-premount ... done.
Begin: Mounting root file system ... Begin: Running /scripts/local-top ... done.
Begin: Running /scripts/local-premount ... [    3.800779] Btrfs loaded, crc32c=crc32c-intel
Scanning for Btrfs filesystems
done.
Warning: fsck not present, so skipping root file system
[    3.831682] EXT4-fs (sda1): mounted filesystem with ordered data mode. Opts: (null)
done.
Begin: Running /scripts/local-bottom ... done.
Begin: Running /scripts/init-bottom ... done.
[    4.640852] ip_tables: (C) 2000-2006 Netfilter Core Team
[    4.710017] systemd[1]: systemd 237 running in system mode. (+PAM +AUDIT +SELINUX +IMA +APPARMOR +SMACK +SYSVINIT +UTMP +LIBCRYPTSETUP +GCRYPT +GNUTLS +ACL +XZ +LZ4 +SECCOMP +BLKID +ELFUTILS +KMOD -IDN2 +IDN -PCRE2 default-hierarchy=hybrid)
[    4.712856] systemd[1]: Detected virtualization oracle.
[    4.713625] systemd[1]: Detected architecture x86-64.

Welcome to [1mUbuntu 18.04.4 LTS[0m!

[    4.764743] systemd[1]: Set hostname to <ubuntu>.
[    4.780127] systemd[1]: Initializing machine ID from random generator.
[    4.781048] systemd[1]: Installed transient /etc/machine-id file.
[    5.487206] random: crng init done
[    5.487818] random: 7 urandom warning(s) missed due to ratelimiting
[    5.670966] systemd[1]: Started Forward Password Requests to Wall Directory Watch.
[[0;32m  OK  [0m] Started Forward Password Requests to Wall Directory Watch.
[    5.673716] systemd[1]: Created slice System Slice.
[[0;32m  OK  [0m] Created slice System Slice.
[    5.674955] systemd[1]: Listening on Network Service Netlink Socket.
[[0;32m  OK  [0m] Listening on Network Service Netlink Socket.
[    5.676412] systemd[1]: Reached target System Time Synchronized.
[[0;32m  OK  [0m] Reached target System Time Synchronized.
[[0;32m  OK  [0m] Listening on /dev/initctl Compatibility Named Pipe.
[[0;32m  OK  [0m] Listening on Journal Audit Socket.
[[0;32m  OK  [0m] Listening on Journal Socket (/dev/log).
[[0;32m  OK  [0m] Created slice system-serial\x2dgetty.slice.
[[0;32m  OK  [0m] Created slice User and Session Slice.
[[0;32m  OK  [0m] Reached target Slices.
[[0;32m  OK  [0m] Set up automount Arbitrary Executab…rmats File System Automount Point.
[[0;32m  OK  [0m] Listening on Journal Socket.
         Starting Set the console keyboard layout...
         Starting Remount Root and Kernel File Systems...
         Starting Load Kernel Modules...
         Mounting Kernel Debug File System...
[    5.776837] EXT4-fs (sda1): re-mounted. Opts: (null)
[    5.811589] Loading iSCSI transport class v2.0-870.
[    5.816549] iscsi: registered transport (tcp)
[[0;32m  OK  [0m] Listening on udev Kernel Socket.
[[0;32m  OK  [0m] Listening on Syslog Socket.
[[0;32m  OK  [0m] Reached target Swap.
[    5.873733] iscsi: registered transport (iser)
         Starting Journal Service...
[[0;32m  OK  [0m] Listening on udev Control Socket.
[[0;32m  OK  [0m] Listening on Device-mapper event daemon FIFOs.
         Starting Create list of required st…ce nodes for the current kernel...
         Starting udev Coldplug all Devices...
         Starting Uncomplicated firewall...
         Mounting POSIX Message Queue File System...
[[0;32m  OK  [0m] Reached target User and Group Name Lookups.
         Mounting Huge Pages File System...
[[0;32m  OK  [0m] Listening on LVM2 metadata daemon socket.
         Starting Monitoring of LVM2 mirrors…ng dmeventd or progress polling...
[[0;32m  OK  [0m] Listening on LVM2 poll daemon socket.
[[0;32m  OK  [0m] Started Journal Service.
[[0;32m  OK  [0m] Started Remount Root and Kernel File Systems.
[[0;32m  OK  [0m] Started Load Kernel Modules.
[[0;32m  OK  [0m] Mounted Kernel Debug File System.
[[0;32m  OK  [0m] Started Create list of required sta…vice nodes for the current kernel.
[[0;32m  OK  [0m] Started Uncomplicated firewall.
[[0;32m  OK  [0m] Mounted POSIX Message Queue File System.
[[0;32m  OK  [0m] Mounted Huge Pages File System.
         Starting Create Static Device Nodes in /dev...
         Mounting Kernel Configuration File System...
         Mounting FUSE Control File System...
         Starting Apply Kernel Variables...
         Starting Load/Save Random Seed...
         Starting Flush Journal to Persistent Storage...
[[0;32m  OK  [0m] Started udev Coldplug all Devices.
[[0;32m  OK  [0m] Started Create Static Device Nodes in /dev.
[[0;32m  OK  [0m] Mounted Kernel Configuration File System.
[[0;32m  OK  [0m] Mounted FUSE Control File System.
         Starting udev Kernel Device Manager...
[[0;32m  OK  [0m] Started Load/Save Random Seed.
[[0;32m  OK  [0m] Started Apply Kernel Variables.
[[0;32m  OK  [0m] Started LVM2 metadata daemon.
[[0;32m  OK  [0m] Started udev Kernel Device Manager.
[[0;32m  OK  [0m] Started Flush Journal to Persistent Storage.
[[0;32m  OK  [0m] Started Monitoring of LVM2 mirrors,…sing dmeventd or progress polling.
[[0;32m  OK  [0m] Found device /dev/ttyS0.
[[0;32m  OK  [0m] Listening on Load/Save RF Kill Switch Status /dev/rfkill Watch.
[[0;32m  OK  [0m] Started Set the console keyboard layout.
[[0;32m  OK  [0m] Reached target Local File Systems (Pre).
[[0;32m  OK  [0m] Reached target Local File Systems.
         Starting Create Volatile Files and Directories...
         Starting AppArmor initialization...
         Starting Set console font and keymap...
         Starting Tell Plymouth To Write Out Runtime Data...
         Starting Commit a transient machine-id on disk...
         Starting ebtables ruleset management...
[[0;32m  OK  [0m] Started Dispatch Password Requests to Console Directory Watch.
[[0;32m  OK  [0m] Reached target Local Encrypted Volumes.
[[0;32m  OK  [0m] Started Create Volatile Files and Directories.
         Starting Update UTMP about System Boot/Shutdown...
[[0;32m  OK  [0m] Started Set console font and keymap.
[[0;32m  OK  [0m] Started Tell Plymouth To Write Out Runtime Data.
[[0;32m  OK  [0m] Started Update UTMP about System Boot/Shutdown.
[[0;32m  OK  [0m] Started Commit a transient machine-id on disk.
[[0;32m  OK  [0m] Started ebtables ruleset management.
[[0;32m  OK  [0m] Started AppArmor initialization.
         Starting Initial cloud-init job (pre-networking)...
[   12.489946] cloud-init[736]: Cloud-init v. 19.4-33-gbb4131a2-0ubuntu1~18.04.1 running 'init-local' at Tue, 28 Apr 2020 20:34:54 +0000. Up 11.51 seconds.
[[0;32m  OK  [0m] Started Initial cloud-init job (pre-networking).
[[0;32m  OK  [0m] Reached target Network (Pre).
         Starting Network Service...
[[0;32m  OK  [0m] Started Network Service.
         Starting Network Name Resolution...
         Starting Wait for Network to be Configured...
[[0;32m  OK  [0m] Started Network Name Resolution.
[[0;32m  OK  [0m] Reached target Network.
[[0;32m  OK  [0m] Reached target Host and Network Name Lookups.
[[0;32m  OK  [0m] Started Wait for Network to be Configured.
         Starting Initial cloud-init job (metadata service crawler)...
[   14.732228] cloud-init[873]: Cloud-init v. 19.4-33-gbb4131a2-0ubuntu1~18.04.1 running 'init' at Tue, 28 Apr 2020 20:34:57 +0000. Up 14.57 seconds.
[   14.733509] cloud-init[873]: ci-info: ++++++++++++++++++++++++++++++++++++++Net device info++++++++++++++++++++++++++++++++++++++
[   14.734377] cloud-init[873]: ci-info: +--------+------+----------------------------+---------------+--------+-------------------+
[   14.735213] cloud-init[873]: ci-info: | Device |  Up  |          Address           |      Mask     | Scope  |     Hw-Address    |
[   14.752202] cloud-init[873]: ci-info: +--------+------+----------------------------+---------------+--------+-------------------+
[   14.764710] cloud-init[873]: ci-info: | enp0s3 | True |         10.0.2.15          | 255.255.255.0 | global | 02:11:54:e5:40:72 |
[   14.765599] cloud-init[873]: ci-info: | enp0s3 | True | fe80::11:54ff:fee5:4072/64 |       .       |  link  | 02:11:54:e5:40:72 |
[   14.766714] cloud-init[873]: ci-info: |   lo   | True |         127.0.0.1          |   255.0.0.0   |  host  |         .         |
[   14.776190] cloud-init[873]: ci-info: |   lo   | True |          ::1/128           |       .       |  host  |         .         |
[   14.777035] cloud-init[873]: ci-info: +--------+------+----------------------------+---------------+--------+-------------------+
[   14.777923] cloud-init[873]: ci-info: ++++++++++++++++++++++++++++Route IPv4 info+++++++++++++++++++++++++++++
[   14.778849] cloud-init[873]: ci-info: +-------+-------------+----------+-----------------+-----------+-------+
[   14.779684] cloud-init[873]: ci-info: | Route | Destination | Gateway  |     Genmask     | Interface | Flags |
[   14.780402] cloud-init[873]: ci-info: +-------+-------------+----------+-----------------+-----------+-------+
[   14.781284] cloud-init[873]: ci-info: |   0   |   0.0.0.0   | 10.0.2.2 |     0.0.0.0     |   enp0s3  |   UG  |
[   14.782189] cloud-init[873]: ci-info: |   1   |   10.0.2.0  | 0.0.0.0  |  255.255.255.0  |   enp0s3  |   U   |
[   14.783117] cloud-init[873]: ci-info: |   2   |   10.0.2.2  | 0.0.0.0  | 255.255.255.255 |   enp0s3  |   UH  |
[   14.783790] cloud-init[873]: ci-info: +-------+-------------+----------+-----------------+-----------+-------+
[   14.784598] cloud-init[873]: ci-info: +++++++++++++++++++Route IPv6 info+++++++++++++++++++
[   14.796094] cloud-init[873]: ci-info: +-------+-------------+---------+-----------+-------+
[   14.796662] cloud-init[873]: ci-info: | Route | Destination | Gateway | Interface | Flags |
[   14.808659] cloud-init[873]: ci-info: +-------+-------------+---------+-----------+-------+
[   14.820383] cloud-init[873]: ci-info: |   1   |  fe80::/64  |    ::   |   enp0s3  |   U   |
[   14.832090] cloud-init[873]: ci-info: |   3   |    local    |    ::   |   enp0s3  |   U   |
[   14.844772] cloud-init[873]: ci-info: |   4   |   ff00::/8  |    ::   |   enp0s3  |   U   |
[   14.856493] cloud-init[873]: ci-info: +-------+-------------+---------+-----------+-------+
[   16.613562] cloud-init[873]: Generating public/private rsa key pair.
[   16.614093] cloud-init[873]: Your identification has been saved in /etc/ssh/ssh_host_rsa_key.
[   16.614683] cloud-init[873]: Your public key has been saved in /etc/ssh/ssh_host_rsa_key.pub.
[   16.615167] cloud-init[873]: The key fingerprint is:
[   16.615515] cloud-init[873]: SHA256:myyuN5mxI2RtsfVX+wwxsPDblsyH5J4qnRvwN7gLZso root@ubuntu-bionic
[   16.616277] cloud-init[873]: The key's randomart image is:
[   16.628455] cloud-init[873]: +---[RSA 2048]----+
[   16.640182] cloud-init[873]: |                 |
[   16.640600] cloud-init[873]: |          . .    |
[   16.640882] cloud-init[873]: |           o o   |
[   16.652353] cloud-init[873]: |      . .   o =  |
[[   16.664110] [0;32m  OK  [0mcloud-init] [873]: Started Initial cloud-init job (metadata service crawler).|     . +S..  O * |

[[   16.664754] [0;32m  OK  [0mcloud-init] [873]: Reached target System Initialization.|    o =. o.oo.@ .|

[   16.665535] cloud-init[873]: |   o ..=+ +o++o* |
[[   16.665979] cloud-init[873]: |    ..Bo +..o+o.o|
[   16.666035] cloud-init[873]: |    .+.oE  .=+   |
[   16.666359] cloud-init[873]: +----[SHA256]-----+
[0;32m  OK  [0m] Started Discard unused blocks once a week.
[   16.666550] cloud-init[873]: Generating public/private dsa key pair.
[[0;32m  OK  [0m] Listening on Open-iSCSI iscsid Socket.
[   16.676744] cloud-init[873]: Your identification has been saved in /etc/ssh/ssh_host_dsa_key.
[[   16.677934] cloud-init[873]: Your public key has been saved in /etc/ssh/ssh_host_dsa_key.pub.
[   16.677990] cloud-init[873]: The key fingerprint is:
[   16.678311] cloud-init[873]: SHA256:yiVEe5xE/DbDIZwvMOZlKHFPJR7b54jy5g2tShK0p3I root@ubuntu-bionic
[   16.678759] cloud-init[873]: The key's randomart image is:
[   16.679068] cloud-init[873]: +---[DSA 1024]----+
[   16.679387] cloud-init[873]: |    ..o=*o.      |
[0;32m  OK  [0m] Started Daily apt download activities.
[   16.679862] cloud-init[873]: |    .o=BB*.      |
[   16.681557] cloud-init[873]: |    .+o=B=...    |
[   16.682036] cloud-init[873]: |   . o....B+     |
[   16.682453] cloud-init[873]: |    o + So.o.    |
[   16.682944] cloud-init[873]: |     = * .       |
[   16.683429] cloud-init[873]: |  . E + + .      |
[   16.692356] cloud-init[873]: |   o o o +       |
[   16.708979] cloud-init[873]: |      ..o .      |
[   16.709023] cloud-init         [873]: Starting LXD - unix socket.+----[SHA256]-----+

[   16.709653] cloud-init[873]: Generating public/private ecdsa key pair.
[[   16.709703] [0;32m  OK  [0mcloud-init] [873]: Listening on ACPID Listen Socket.Your identification has been saved in /etc/ssh/ssh_host_ecdsa_key.

[[   16.720648] cloud-init[873]: Your public key has been saved in /etc/ssh/ssh_host_ecdsa_key.pub.
[   16.720716] cloud-init[873]: The key fingerprint is:
[   16.721044] cloud-init[873]: SHA256:KDMA5dlNKAvmQInVPPE0PV0p25QDW9AioymKiJy5M4U root@ubuntu-bionic
[   16.721374] cloud-init[873]: The key's randomart image is:
[0;32m  OK  [0m] Started Message of the Day.
[   16.721551] cloud-init[873]: +---[ECDSA 256]---+
[[0;32m  OK  [0m[   16.723582] cloud-init[873]: |+++o.o+. .o=oo   |
[   16.723715] cloud-init[873]: |+=.o== .= +o*    |
] [   16.724135] cloud-init[873]: |+.+o..oo +.* .   |
Listening on UUID daemon activation socket.[   16.724169] 
cloud-init[873]: | .... o.  . .    |
[[   16.725321] cloud-init[873]: |+.+.+.. S        |
[   16.725395] cloud-init[873]: |+E.. +           |
[   16.725682] cloud-init[873]: |  o              |
[   16.726002] cloud-init[873]: | +               |
[   16.726296] cloud-init[873]: |  o              |
[   16.726582] cloud-init[873]: +----[SHA256]-----+
[   16.726870] cloud-init[873]: Generating public/private ed25519 key pair.
[   16.727155] cloud-init[873]: Your identification has been saved in /etc/ssh/ssh_host_ed25519_key.
[0;32m  OK  [0m] Started Daily Cleanup of Temporary Directories.
[   16.727410] cloud-init[873]: Your public key has been saved in /etc/ssh/ssh_host_ed25519_key.pub.
[   16.729776] cloud-init[873]: The key fingerprint is:
[   16.730292] cloud-init[873]: SHA256:1kuFzCBxoJ2yi/XMYWAXFs+2bCkI8KEhziGLQa9DKkM root@ubuntu-bionic
[   16.731080] cloud-init[873]: The key's randomart image is:
[[   16.731581] cloud-init[873]: +--[ED25519 256]--+
[   16.731631] cloud-init[873]: |Bo.   B+o        |
[   16.731960] cloud-init[873]: |*Bo. + B + .     |
[   16.732295] cloud-init[873]: |+Eo.= + + + .    |
[   16.732609] cloud-init[873]: |+ .o * o + .     |
[   16.732928] cloud-init[873]: |+o  + + S o      |
[   16.733262] cloud-init[873]: |...o * = . .     |
[   16.733578] cloud-init[873]: |  . . +   .      |
[   16.733937] cloud-init[873]: |                 |
[   16.734295] cloud-init[873]: |                 |
[0;32m  OK  [0m] Started ACPI Events Check.
[   16.734366] cloud-init[873]: +----[SHA256]-----+
[[0;32m  OK  [0m] Reached target Paths.
[[0;32m  OK  [0m] Started Daily apt upgrade and clean activities.
[[0;32m  OK  [0m] Reached target Timers.
[[0;32m  OK  [0m] Listening on D-Bus System Message Bus Socket.
         Starting Socket activation for snappy daemon.
[[0;32m  OK  [0m] Reached target Network is Online.
         Starting Availability of block devices...
[[0;32m  OK  [0m] Reached target Remote File Systems (Pre).
[[0;32m  OK  [0m] Reached target Remote File Systems.
[[0;32m  OK  [0m] Reached target Cloud-config availability.
[[0;32m  OK  [0m] Listening on LXD - unix socket.
[[0;32m  OK  [0m] Listening on Socket activation for snappy daemon.
[[0;32m  OK  [0m] Started Availability of block devices.
[[0;32m  OK  [0m] Reached target Sockets.
[[0;32m  OK  [0m] Reached target Basic System.
[[0;32m  OK  [0m] Started Regular background program processing daemon.
         Starting Pollinate to seed the pseudo random number generator...
[[0;32m  OK  [0m] Started FUSE filesystem for LXC.
         Starting Permit User Sessions...
         Starting LSB: Record successful boot for GRUB...
         Starting Snappy daemon...
         Starting Dispatcher daemon for systemd-networkd...
         Starting Virtualbox guest utils...
         Starting Login Service...
         Starting System Logging Service...
[[0;32m  OK  [0m] Started irqbalance daemon.
[[0;32m  OK  [0m] Started Deferred execution scheduler.
[[0;32m  OK  [0m] Started D-Bus System Message Bus.
         Starting Accounts Service...
         Starting LSB: automatic crash report generation...
         Starting LXD - container startup/shutdown...
[[0;32m  OK  [0m] Started System Logging Service.
[[0;32m  OK  [0m] Started Permit User Sessions.
[[0;32m  OK  [0m] Started Login Service.
[[0;32m  OK  [0m] Started Unattended Upgrades Shutdown.
         Starting Terminate Plymouth Boot Screen...
         Starting Hold until boot process finishes up...
[[0;32m  OK  [0m] Started Hold until boot process finishes up.
         Starting Set console scheme...
[[0;32m  OK  [0m] Started Serial Getty on ttyS0.
[[0;32m  OK  [0m] Started Terminate Plymouth Boot Screen.
[[0;32m  OK  [0m] Started Set console scheme.
[[0;32m  OK  [0m] Created slice system-getty.slice.
[[0;32m  OK  [0m] Started Getty on tty1.
[[0;32m  OK  [0m] Reached target Login Prompts.
         Starting Authorization Manager...
[[0;32m  OK  [0m] Started LSB: Record successful boot for GRUB.
[[0;32m  OK  [0m] Started LSB: automatic crash report generation.
[[0;32m  OK  [0m] Started Authorization Manager.
[[0;32m  OK  [0m] Started Accounts Service.
[[0;32m  OK  [0m] Started Dispatcher daemon for systemd-networkd.
[[0;32m  OK  [0m] Started Virtualbox guest utils.
[[0;32m  OK  [0m] Started LXD - container startup/shutdown.
[[0;32m  OK  [0m] Started Snappy daemon.
         Starting Wait until snapd is fully seeded...
[[0;32m  OK  [0m] Started Pollinate to seed the pseudo random number generator.
         Starting OpenBSD Secure Shell server...
[[0;32m  OK  [0m] Started OpenBSD Secure Shell server.
[[0;32m  OK  [0m] Created slice User Slice of vagrant.
         Starting User Manager for UID 1000...
[[0;32m  OK  [0m] Started Session 1 of user vagrant.
[[0;32m  OK  [0m] Started User Manager for UID 1000.

Ubuntu 18.04.4 LTS ubuntu-bionic ttyS0

ubuntu-bionic login: [   24.678829] cloud-init[1614]: Cloud-init v. 19.4-33-gbb4131a2-0ubuntu1~18.04.1 running 'modules:config' at Tue, 28 Apr 2020 20:35:06 +0000. Up 23.91 seconds.
ci-info: no authorized SSH keys fingerprints found for user ubuntu.
<14>Apr 28 20:35:08 ec2: 
<14>Apr 28 20:35:08 ec2: #############################################################
<14>Apr 28 20:35:08 ec2: -----BEGIN SSH HOST KEY FINGERPRINTS-----
<14>Apr 28 20:35:08 ec2: 1024 SHA256:yiVEe5xE/DbDIZwvMOZlKHFPJR7b54jy5g2tShK0p3I root@ubuntu-bionic (DSA)
<14>Apr 28 20:35:08 ec2: 256 SHA256:KDMA5dlNKAvmQInVPPE0PV0p25QDW9AioymKiJy5M4U root@ubuntu-bionic (ECDSA)
<14>Apr 28 20:35:08 ec2: 256 SHA256:1kuFzCBxoJ2yi/XMYWAXFs+2bCkI8KEhziGLQa9DKkM root@ubuntu-bionic (ED25519)
<14>Apr 28 20:35:08 ec2: 2048 SHA256:myyuN5mxI2RtsfVX+wwxsPDblsyH5J4qnRvwN7gLZso root@ubuntu-bionic (RSA)
<14>Apr 28 20:35:08 ec2: -----END SSH HOST KEY FINGERPRINTS-----
<14>Apr 28 20:35:08 ec2: #############################################################
-----BEGIN SSH HOST KEY KEYS-----
ecdsa-sha2-nistp256 AAAAE2VjZHNhLXNoYTItbmlzdHAyNTYAAAAIbmlzdHAyNTYAAABBBHF68zdxCqRD693wc2F4NbI5Smvo/X6gmi1W+LoV/4TkUX+vR7zlSlqd1WHuSITenh2LsaHb/TIK7SDTylvs10s= root@ubuntu-bionic
ssh-ed25519 AAAAC3NzaC1lZDI1NTE5AAAAIAqEO3XhxxBORml/b1s0fbjNMOzWhs8UEypFObcMg5gR root@ubuntu-bionic
ssh-rsa AAAAB3NzaC1yc2EAAAADAQABAAABAQC19R4YYE8fKZbgQ9C3ivApsfpPnavK914Z9HPR7XVkN6i4QH5LScsRnVe1JYsvbY2P8hvTRMWja3oksar0Dl3nTx+O5nrpxWDGvbBVslJSQIzTyby1t6nUbjkRu5u8DHiiagDnqY6w3qFIUTRP6LPyMI0dmUmg0gAQg6QDX51Gjys401zoYgWe4NwmK64ekCuKdP/RH5NPFr4VX316Kh+aF2fjoege9KPGeL7QrPgcRnaqD9SKDAv6RlduTh+YZnsmEjSm6ZVKBiqjeRbqMyFFqKtrVXsYiMKgLN4BsHfgRMZ/5u2Gk6EqoM1sk4xjWdcJW3tq2u8qXoIdM80hJXJz root@ubuntu-bionic
-----END SSH HOST KEY KEYS-----
[   25.204851] cloud-init[1776]: Cloud-init v. 19.4-33-gbb4131a2-0ubuntu1~18.04.1 running 'modules:final' at Tue, 28 Apr 2020 20:35:07 +0000. Up 25.06 seconds.
[   25.206109] cloud-init[1776]: ci-info: no authorized SSH keys fingerprints found for user ubuntu.
[   25.206741] cloud-init[1776]: Cloud-init v. 19.4-33-gbb4131a2-0ubuntu1~18.04.1 finished at Tue, 28 Apr 2020 20:35:08 +0000. Datasource DataSourceNoCloud [seed=/dev/sdb][dsmode=net].  Up 25.19 seconds
